0 info it worked if it ends with ok
1 verbose cli [ 'C:\\Program Files (x86)\\nodejs\\\\node.exe',
1 verbose cli   'C:\\Program Files (x86)\\nodejs\\node_modules\\npm\\bin\\npm-cli.js',
1 verbose cli   'install',
1 verbose cli   '-g',
1 verbose cli   'ng-pouchdb' ]
2 info using npm@1.4.28
3 info using node@v0.10.33
4 verbose node symlink C:\Program Files (x86)\nodejs\\node.exe
5 verbose cache add [ 'ng-pouchdb', null ]
6 verbose cache add name=undefined spec="ng-pouchdb" args=["ng-pouchdb",null]
7 verbose parsed url { protocol: null,
7 verbose parsed url   slashes: null,
7 verbose parsed url   auth: null,
7 verbose parsed url   host: null,
7 verbose parsed url   port: null,
7 verbose parsed url   hostname: null,
7 verbose parsed url   hash: null,
7 verbose parsed url   search: null,
7 verbose parsed url   query: null,
7 verbose parsed url   pathname: 'ng-pouchdb',
7 verbose parsed url   path: 'ng-pouchdb',
7 verbose parsed url   href: 'ng-pouchdb' }
8 silly lockFile 1b203be9-ng-pouchdb ng-pouchdb
9 verbose lock ng-pouchdb C:\Users\vpease.SUPERWORKHP\AppData\Roaming\npm-cache\1b203be9-ng-pouchdb.lock
10 silly lockFile 1b203be9-ng-pouchdb ng-pouchdb
11 silly lockFile 1b203be9-ng-pouchdb ng-pouchdb
12 verbose addNamed [ 'ng-pouchdb', '' ]
13 verbose addNamed [ null, '*' ]
14 silly lockFile 4cc72428-ng-pouchdb ng-pouchdb@
15 verbose lock ng-pouchdb@ C:\Users\vpease.SUPERWORKHP\AppData\Roaming\npm-cache\4cc72428-ng-pouchdb.lock
16 silly addNameRange { name: 'ng-pouchdb', range: '*', hasData: false }
17 verbose request where is /ng-pouchdb
18 verbose request registry https://registry.npmjs.org/
19 verbose request id 1eae98c533283f27
20 verbose url raw /ng-pouchdb
21 verbose url resolving [ 'https://registry.npmjs.org/', './ng-pouchdb' ]
22 verbose url resolved https://registry.npmjs.org/ng-pouchdb
23 verbose request where is https://registry.npmjs.org/ng-pouchdb
24 info trying registry request attempt 1 at 14:56:02
25 http GET https://registry.npmjs.org/ng-pouchdb
26 http 404 https://registry.npmjs.org/ng-pouchdb
27 verbose headers { date: 'Sun, 21 Dec 2014 19:55:59 GMT',
27 verbose headers   server: 'CouchDB/1.5.0 (Erlang OTP/R16B03)',
27 verbose headers   'content-type': 'application/json',
27 verbose headers   'cache-control': 'max-age=0',
27 verbose headers   'content-length': '52',
27 verbose headers   'accept-ranges': 'bytes',
27 verbose headers   via: '1.1 varnish',
27 verbose headers   age: '0',
27 verbose headers   'x-served-by': 'cache-jfk1022-JFK',
27 verbose headers   'x-cache': 'MISS',
27 verbose headers   'x-cache-hits': '0',
27 verbose headers   'x-timer': 'S1419191759.024990,VS0,VE353',
27 verbose headers   'keep-alive': 'timeout=10, max=50',
27 verbose headers   connection: 'Keep-Alive' }
28 silly registry.get cb [ 404,
28 silly registry.get   { date: 'Sun, 21 Dec 2014 19:55:59 GMT',
28 silly registry.get     server: 'CouchDB/1.5.0 (Erlang OTP/R16B03)',
28 silly registry.get     'content-type': 'application/json',
28 silly registry.get     'cache-control': 'max-age=0',
28 silly registry.get     'content-length': '52',
28 silly registry.get     'accept-ranges': 'bytes',
28 silly registry.get     via: '1.1 varnish',
28 silly registry.get     age: '0',
28 silly registry.get     'x-served-by': 'cache-jfk1022-JFK',
28 silly registry.get     'x-cache': 'MISS',
28 silly registry.get     'x-cache-hits': '0',
28 silly registry.get     'x-timer': 'S1419191759.024990,VS0,VE353',
28 silly registry.get     'keep-alive': 'timeout=10, max=50',
28 silly registry.get     connection: 'Keep-Alive' } ]
29 silly lockFile 4cc72428-ng-pouchdb ng-pouchdb@
30 silly lockFile 4cc72428-ng-pouchdb ng-pouchdb@
31 error 404 404 Not Found: ng-pouchdb
31 error 404
31 error 404 'ng-pouchdb' is not in the npm registry.
31 error 404 You should bug the author to publish it
31 error 404
31 error 404 Note that you can also install from a
31 error 404 tarball, folder, or http url, or git url.
32 error System Windows_NT 6.2.9200
33 error command "C:\\Program Files (x86)\\nodejs\\\\node.exe" "C:\\Program Files (x86)\\nodejs\\node_modules\\npm\\bin\\npm-cli.js" "install" "-g" "ng-pouchdb"
34 error cwd H:\projects\supercompras
35 error node -v v0.10.33
36 error npm -v 1.4.28
37 error code E404
38 verbose exit [ 1, true ]
